[15:36:51] URControl | B-Feb 10 2015, 15:51:06
[15:36:56] PROGRAM_XXX_STARTEDmy_program
[15:37:48] PROGRAM_XXX_STARTEDmy_program
[15:37:49] pose 0 strip 0
[15:38:00] pose 1 strip 0
[15:38:08] pose 2 strip 0
[15:38:17] pose 3 strip 0
[15:38:24] pose 4 strip 0
[15:38:32] pose 5 strip 0
[15:38:40] pose 6 strip 0
[15:38:47] pose 7 strip 0
[15:38:55] pose 8 strip 0
[15:39:02] pose 9 strip 0
[15:39:18] pose 10 strip 1
[15:39:29] pose 11 strip 1
[15:39:37] pose 12 strip 1
[15:39:46] pose 13 strip 1
[15:39:53] pose 14 strip 1
[15:40:01] pose 15 strip 1
[15:40:09] pose 16 strip 1
[15:40:16] pose 17 strip 1
[15:40:24] pose 18 strip 1
[15:40:31] pose 19 strip 1
[15:40:47] pose 20 strip 2
[15:40:57] pose 21 strip 2
[15:41:06] pose 22 strip 2
[15:41:13] pose 23 strip 2
[15:41:21] pose 24 strip 2
[15:41:29] pose 25 strip 2
[15:41:37] pose 26 strip 2
[15:41:45] pose 27 strip 2
[15:41:52] pose 28 strip 2
[15:42:00] pose 29 strip 2
[15:42:15] pose 30 strip 3
[15:42:24] pose 31 strip 3
[15:42:33] pose 32 strip 3
[15:42:41] pose 33 strip 3
[15:42:49] pose 34 strip 3
[15:42:57] pose 35 strip 3
[15:43:05] pose 36 strip 3
[15:43:13] pose 37 strip 3
[15:43:20] pose 38 strip 3
[15:43:27] pose 39 strip 3
[15:43:43] pose 40 strip 4
[15:43:52] pose 41 strip 4
[15:44:01] pose 42 strip 4
[15:44:09] pose 43 strip 4
[15:44:17] pose 44 strip 4
[15:44:25] pose 45 strip 4
[15:44:33] pose 46 strip 4
[15:44:40] pose 47 strip 4
[15:44:48] pose 48 strip 4
[15:44:55] pose 49 strip 4
[15:45:11] pose 50 strip 5
[15:45:20] pose 51 strip 5
[15:45:29] pose 52 strip 5
[15:45:37] pose 53 strip 5
[15:45:45] pose 54 strip 5
[15:45:53] pose 55 strip 5
[15:46:01] pose 56 strip 5
[15:46:08] pose 57 strip 5
[15:46:16] pose 58 strip 5
[15:46:23] pose 59 strip 5
[15:46:39] pose 60 strip 6
[15:46:48] pose 61 strip 6
[15:46:57] pose 62 strip 6
[15:47:05] pose 63 strip 6
[15:47:13] pose 64 strip 6
[15:47:21] pose 65 strip 6
[15:47:29] pose 66 strip 6
[15:47:36] pose 67 strip 6
[15:47:44] pose 68 strip 6
[15:47:51] pose 69 strip 6
[15:48:07] pose 70 strip 7
[15:48:17] pose 71 strip 7
[15:48:26] pose 72 strip 7
[15:48:34] pose 73 strip 7
[15:48:42] pose 74 strip 7
[15:48:50] pose 75 strip 7
[15:48:58] pose 76 strip 7
[15:49:05] pose 77 strip 7
[15:49:13] pose 78 strip 7
[15:49:20] pose 79 strip 7
[15:49:36] pose 80 strip 8
[15:49:46] pose 81 strip 8
[15:49:54] pose 82 strip 8
[15:50:03] pose 83 strip 8
[15:50:11] pose 84 strip 8
[15:50:18] pose 85 strip 8
[15:50:26] pose 86 strip 8
[15:50:34] pose 87 strip 8
[15:50:41] pose 88 strip 8
[15:50:49] pose 89 strip 8
[15:51:04] pose 90 strip 9
[15:51:15] pose 91 strip 9
[15:51:23] pose 92 strip 9
[15:51:32] pose 93 strip 9
[15:51:40] pose 94 strip 9
[15:51:47] pose 95 strip 9
[15:51:55] pose 96 strip 9
[15:52:02] pose 97 strip 9
[15:52:10] pose 98 strip 9
[15:52:17] pose 99 strip 9
[15:52:33] pose 100 strip 10
[15:52:44] pose 101 strip 10
[15:52:53] pose 102 strip 10
[15:53:01] pose 103 strip 10
[15:53:08] pose 104 strip 10
[15:53:16] pose 105 strip 10
[15:53:24] pose 106 strip 10
[15:53:31] pose 107 strip 10
[15:53:39] pose 108 strip 10
[15:53:47] pose 109 strip 10
[15:54:02] pose 110 strip 11
[15:54:13] pose 111 strip 11
[15:54:22] pose 112 strip 11
[15:54:30] pose 113 strip 11
[15:54:38] pose 114 strip 11
[15:54:45] pose 115 strip 11
[15:54:53] pose 116 strip 11
[15:55:01] pose 117 strip 11
[15:55:08] pose 118 strip 11
[15:55:16] pose 119 strip 11
[15:55:32] pose 120 strip 12
[15:55:44] pose 121 strip 12
[15:55:52] pose 122 strip 12
[15:56:01] pose 123 strip 12
[15:56:09] pose 124 strip 12
[15:56:16] pose 125 strip 12
[15:56:24] pose 126 strip 12
[15:56:32] pose 127 strip 12
[15:56:39] pose 128 strip 12
[15:56:47] pose 129 strip 12
[15:57:04] pose 130 strip 13
[15:57:16] pose 131 strip 13
[15:57:25] pose 132 strip 13
[15:57:33] pose 133 strip 13
[15:57:41] pose 134 strip 13
[15:57:50] pose 135 strip 13
[15:57:57] pose 136 strip 13
[15:58:05] pose 137 strip 13
[15:58:13] pose 138 strip 13
[15:58:20] pose 139 strip 13
[15:58:38] pose 140 strip 14
[15:58:52] pose 141 strip 14
[15:59:01] pose 142 strip 14
[15:59:09] pose 143 strip 14
[15:59:17] pose 144 strip 14
[15:59:26] pose 145 strip 14
[15:59:34] pose 146 strip 14
[15:59:41] pose 147 strip 14
[15:59:49] pose 148 strip 14
[15:59:57] pose 149 strip 14
[16:00:16] pose 150 strip 15
[16:00:30] pose 151 strip 15
[16:00:39] pose 152 strip 15
[16:00:48] pose 153 strip 15
[16:00:57] pose 154 strip 15
[16:01:05] pose 155 strip 15
[16:01:13] pose 156 strip 15
[16:01:21] pose 157 strip 15
[16:01:28] pose 158 strip 15
[16:01:36] pose 159 strip 15
[16:01:56] pose 160 strip 16
[16:02:10] pose 161 strip 16
[16:02:19] pose 162 strip 16
[16:02:28] pose 163 strip 16
[16:02:36] pose 164 strip 16
[16:02:44] pose 165 strip 16
[16:02:52] pose 166 strip 16
[16:03:00] pose 167 strip 16
[16:03:08] pose 168 strip 16
[16:03:16] pose 169 strip 16
[16:03:34] pose 170 strip 17
[16:03:47] pose 171 strip 17
[16:03:56] pose 172 strip 17
[16:04:05] pose 173 strip 17
[16:04:14] pose 174 strip 17
[16:04:22] pose 175 strip 17
[16:04:29] pose 176 strip 17
[16:04:37] pose 177 strip 17
[16:04:45] pose 178 strip 17
[16:04:53] pose 179 strip 17
[16:05:11] pose 180 strip 18
[16:05:24] pose 181 strip 18
[16:05:33] pose 182 strip 18
[16:05:41] pose 183 strip 18
[16:05:50] pose 184 strip 18
[16:05:57] pose 185 strip 18
[16:06:05] pose 186 strip 18
[16:06:13] pose 187 strip 18
[16:06:21] pose 188 strip 18
[16:06:29] pose 189 strip 18
[16:06:47] pose 190 strip 19
[16:06:58] pose 191 strip 19
[16:07:07] pose 192 strip 19
[16:07:15] pose 193 strip 19
[16:07:24] pose 194 strip 19
[16:07:31] pose 195 strip 19
[16:07:39] pose 196 strip 19
[16:07:47] pose 197 strip 19
[16:07:54] pose 198 strip 19
[16:08:01] pose 199 strip 19
[16:42:55] PROGRAM_XXX_STARTEDmy_program
[16:42:56] pose 0 strip 0
[16:43:07] pose 1 strip 0
[16:43:15] pose 2 strip 0
[16:43:24] pose 3 strip 0
[16:43:32] pose 4 strip 0
[16:43:40] pose 5 strip 0
[16:43:47] pose 6 strip 0
[16:43:54] pose 7 strip 0
[16:44:02] pose 8 strip 0
[16:44:10] pose 9 strip 0
[16:44:22] PROGRAM_XXX_STARTEDmy_program
[16:44:26] PROGRAM_XXX_STARTEDmy_program
[16:46:05] PROGRAM_XXX_STARTEDmy_program
[16:46:05] pose 0 strip 0
[16:46:17] pose 1 strip 0
[16:46:25] pose 2 strip 0
[16:46:33] pose 3 strip 0
[16:46:41] pose 4 strip 0
[16:46:49] pose 5 strip 0
[16:46:57] pose 6 strip 0
[16:47:05] pose 7 strip 0
[16:47:12] pose 8 strip 0
[16:47:19] pose 9 strip 0
[16:47:34] PROGRAM_XXX_STARTEDmy_program
[16:49:36] PROGRAM_XXX_STARTEDmy_program
[16:49:37] pose 0 strip 0
[16:49:48] pose 1 strip 0
[16:49:56] pose 2 strip 0
[16:50:04] pose 3 strip 0
[16:50:12] pose 4 strip 0
[16:50:20] pose 5 strip 0
[16:50:27] pose 6 strip 0
[16:50:35] pose 7 strip 0
[16:50:42] pose 8 strip 0
[16:50:50] pose 9 strip 0
[16:50:57] pose 10 strip 0
[16:51:04] pose 11 strip 0
[16:51:20] pose 12 strip 1
[16:51:30] pose 13 strip 1
[16:51:38] pose 14 strip 1
[16:51:46] pose 15 strip 1
[16:51:54] pose 16 strip 1
[16:52:02] pose 17 strip 1
[16:52:10] pose 18 strip 1
[16:52:17] pose 19 strip 1
[16:52:25] pose 20 strip 1
[16:52:32] pose 21 strip 1
[16:52:39] pose 22 strip 1
[16:52:47] pose 23 strip 1
[16:53:02] pose 24 strip 2
[16:53:12] pose 25 strip 2
[16:53:20] pose 26 strip 2
[16:53:28] pose 27 strip 2
[16:53:37] pose 28 strip 2
[16:53:44] pose 29 strip 2
[16:53:52] pose 30 strip 2
[16:53:59] pose 31 strip 2
[16:54:07] pose 32 strip 2
[16:54:14] pose 33 strip 2
[16:54:22] pose 34 strip 2
[16:54:29] pose 35 strip 2
[16:54:44] pose 36 strip 3
[16:54:54] pose 37 strip 3
[16:55:02] pose 38 strip 3
[16:55:10] pose 39 strip 3
[16:55:18] pose 40 strip 3
[16:55:26] pose 41 strip 3
[16:55:33] pose 42 strip 3
[16:55:41] pose 43 strip 3
[16:55:48] pose 44 strip 3
[16:55:56] pose 45 strip 3
[16:56:03] pose 46 strip 3
[16:56:10] pose 47 strip 3
[16:56:26] pose 48 strip 4
[16:56:35] pose 49 strip 4
[16:56:43] pose 50 strip 4
[16:56:51] pose 51 strip 4
[16:56:59] pose 52 strip 4
[16:57:07] pose 53 strip 4
[16:57:15] pose 54 strip 4
[16:57:22] pose 55 strip 4
[16:57:30] pose 56 strip 4
[16:57:37] pose 57 strip 4
[16:57:44] pose 58 strip 4
[16:57:52] pose 59 strip 4
[16:58:08] pose 60 strip 5
[16:58:17] pose 61 strip 5
[16:58:24] PROGRAM_XXX_STARTEDmy_program
[16:58:28] PROGRAM_XXX_STARTEDmy_program
[16:58:34] PROGRAM_XXX_STARTEDmovej
[17:23:11] PROGRAM_XXX_STARTEDmy_program
[17:23:12] PROGRAM_XXX_STARTEDmy_program
[17:23:25] PROGRAM_XXX_STARTEDmy_program
[17:24:11] PROGRAM_XXX_STARTEDmy_program
[17:24:11] pose 0 strip 0
[17:24:22] pose 1 strip 0
[17:24:31] pose 2 strip 0
[17:24:39] pose 3 strip 0
[17:24:46] pose 4 strip 0
[17:24:54] pose 5 strip 0
[17:25:01] pose 6 strip 0
[17:25:08] pose 7 strip 0
[17:25:15] pose 8 strip 0
[17:25:22] pose 9 strip 0
[17:25:29] pose 10 strip 0
[17:25:36] pose 11 strip 0
[17:25:51] pose 12 strip 1
[17:26:02] pose 13 strip 1
[17:26:10] pose 14 strip 1
[17:26:18] pose 15 strip 1
[17:26:26] pose 16 strip 1
[17:26:33] pose 17 strip 1
[17:26:40] pose 18 strip 1
[17:26:48] pose 19 strip 1
[17:26:55] pose 20 strip 1
[17:27:02] pose 21 strip 1
[17:27:09] pose 22 strip 1
[17:27:16] pose 23 strip 1
[17:27:31] pose 24 strip 2
[17:27:41] pose 25 strip 2
[17:27:50] pose 26 strip 2
[17:27:58] pose 27 strip 2
[17:28:06] pose 28 strip 2
[17:28:13] pose 29 strip 2
[17:28:21] pose 30 strip 2
[17:28:28] pose 31 strip 2
[17:28:35] pose 32 strip 2
[17:28:42] pose 33 strip 2
[17:28:49] pose 34 strip 2
[17:28:56] pose 35 strip 2
[17:29:11] pose 36 strip 3
[17:29:22] pose 37 strip 3
[17:29:32] pose 38 strip 3
[17:29:39] pose 39 strip 3
[17:29:47] pose 40 strip 3
[17:29:55] pose 41 strip 3
[17:30:02] pose 42 strip 3
[17:30:09] pose 43 strip 3
[17:30:16] pose 44 strip 3
[17:30:23] pose 45 strip 3
[17:30:30] pose 46 strip 3
[17:30:37] pose 47 strip 3
[17:30:43] PROGRAM_XXX_STARTEDmy_program
[17:31:17] PROGRAM_XXX_STOPPEDmy_program
[17:31:25] PROGRAM_XXX_STOPPEDmy_program
[17:31:35] PROGRAM_XXX_STARTEDmy_program
[17:32:32] PROGRAM_XXX_STARTEDmy_program
[17:32:32] pose 0 strip 0
[17:32:43] pose 1 strip 0
[17:32:52] pose 2 strip 0
[17:33:00] pose 3 strip 0
[17:33:07] pose 4 strip 0
[17:33:15] pose 5 strip 0
[17:33:22] pose 6 strip 0
[17:33:29] pose 7 strip 0
[17:33:36] pose 8 strip 0
[17:33:43] pose 9 strip 0
[17:33:50] pose 10 strip 0
[17:33:57] pose 11 strip 0
[17:34:12] pose 12 strip 1
[17:34:23] pose 13 strip 1
[17:34:31] pose 14 strip 1
[17:34:39] pose 15 strip 1
[17:34:47] pose 16 strip 1
[17:34:54] pose 17 strip 1
[17:35:01] pose 18 strip 1
[17:35:09] pose 19 strip 1
[17:35:16] pose 20 strip 1
[17:35:22] pose 21 strip 1
[17:35:29] pose 22 strip 1
[17:35:37] pose 23 strip 1
[17:35:51] pose 24 strip 2
[17:36:02] pose 25 strip 2
[17:36:11] pose 26 strip 2
[17:36:19] pose 27 strip 2
[17:36:27] pose 28 strip 2
[17:36:34] pose 29 strip 2
[17:36:41] pose 30 strip 2
[17:36:48] pose 31 strip 2
[17:36:55] pose 32 strip 2
[17:37:02] pose 33 strip 2
[17:37:09] pose 34 strip 2
[17:37:16] pose 35 strip 2
[17:37:31] pose 36 strip 3
[17:37:42] pose 37 strip 3
[17:37:51] pose 38 strip 3
[17:37:59] pose 39 strip 3
[17:38:07] pose 40 strip 3
[17:38:15] pose 41 strip 3
[17:38:22] pose 42 strip 3
[17:38:29] pose 43 strip 3
[17:38:36] pose 44 strip 3
[17:38:43] pose 45 strip 3
[17:38:50] pose 46 strip 3
[17:38:57] pose 47 strip 3
[17:39:12] pose 48 strip 4
[17:39:23] pose 49 strip 4
[17:39:33] pose 50 strip 4
[17:39:41] pose 51 strip 4
[17:39:49] pose 52 strip 4
[17:39:56] pose 53 strip 4
[17:40:03] pose 54 strip 4
[17:40:11] pose 55 strip 4
[17:40:18] pose 56 strip 4
[17:40:25] pose 57 strip 4
[17:40:31] pose 58 strip 4
[17:40:39] pose 59 strip 4
[17:40:54] pose 60 strip 5
[17:41:02] pose 61 strip 5
[17:41:10] pose 62 strip 5
[17:41:18] pose 63 strip 5
[17:41:26] pose 64 strip 5
[17:41:33] pose 65 strip 5
[17:41:40] pose 66 strip 5
[17:41:48] pose 67 strip 5
[17:41:55] pose 68 strip 5
[17:42:02] pose 69 strip 5
[17:42:09] pose 70 strip 5
[17:42:16] pose 71 strip 5
[17:42:31] pose 72 strip 6
[17:42:41] pose 73 strip 6
[17:42:52] pose 74 strip 6
[17:43:00] pose 75 strip 6
[17:43:08] pose 76 strip 6
[17:43:16] pose 77 strip 6
[17:43:23] pose 78 strip 6
[17:43:30] pose 79 strip 6
[17:43:37] pose 80 strip 6
[17:43:44] pose 81 strip 6
[17:43:51] pose 82 strip 6
[17:43:58] pose 83 strip 6
[17:44:13] pose 84 strip 7
[17:44:24] pose 85 strip 7
[17:44:35] pose 86 strip 7
[17:44:44] pose 87 strip 7
[17:44:51] pose 88 strip 7
[17:44:58] pose 89 strip 7
[17:45:06] pose 90 strip 7
[17:45:12] pose 91 strip 7
[17:45:20] pose 92 strip 7
[17:45:27] pose 93 strip 7
[17:45:34] pose 94 strip 7
[17:45:40] pose 95 strip 7
[17:45:56] pose 96 strip 8
[17:46:06] pose 97 strip 8
[17:46:18] pose 98 strip 8
[17:46:26] pose 99 strip 8
[17:46:33] pose 100 strip 8
[17:46:41] pose 101 strip 8
[17:46:48] pose 102 strip 8
[17:46:55] pose 103 strip 8
[17:47:02] pose 104 strip 8
[17:47:09] pose 105 strip 8
[17:47:16] pose 106 strip 8
[17:47:23] pose 107 strip 8
[17:47:38] pose 108 strip 9
[17:47:49] pose 109 strip 9
[17:48:00] pose 110 strip 9
[17:48:09] pose 111 strip 9
[17:48:16] pose 112 strip 9
[17:48:24] pose 113 strip 9
[17:48:30] pose 114 strip 9
[17:48:38] pose 115 strip 9
[17:48:45] pose 116 strip 9
[17:48:52] pose 117 strip 9
[17:48:59] pose 118 strip 9
[17:49:05] pose 119 strip 9
[17:49:21] pose 120 strip 10
[17:49:31] pose 121 strip 10
[17:49:43] pose 122 strip 10
[17:49:51] pose 123 strip 10
[17:49:58] pose 124 strip 10
[17:50:06] pose 125 strip 10
[17:50:13] pose 126 strip 10
[17:50:20] pose 127 strip 10
[17:50:27] pose 128 strip 10
[17:50:34] pose 129 strip 10
[17:50:41] pose 130 strip 10
[17:50:48] pose 131 strip 10
[17:51:03] pose 132 strip 11
[17:51:13] pose 133 strip 11
[17:51:21] pose 134 strip 11
[17:51:29] pose 135 strip 11
[17:51:36] pose 136 strip 11
[17:51:44] pose 137 strip 11
[17:51:51] pose 138 strip 11
[17:51:58] pose 139 strip 11
[17:52:05] pose 140 strip 11
[17:52:12] pose 141 strip 11
[17:52:19] pose 142 strip 11
[17:52:26] pose 143 strip 11
[17:52:40] pose 144 strip 12
[17:52:51] pose 145 strip 12
[17:52:59] pose 146 strip 12
[17:53:06] pose 147 strip 12
[17:53:14] pose 148 strip 12
[17:53:21] pose 149 strip 12
[17:53:29] pose 150 strip 12
[17:53:36] pose 151 strip 12
[17:53:43] pose 152 strip 12
[17:53:50] pose 153 strip 12
[17:53:57] pose 154 strip 12
[17:54:04] pose 155 strip 12
[17:54:18] pose 156 strip 13
[17:54:29] pose 157 strip 13
[17:54:42] pose 158 strip 13
[17:54:50] pose 159 strip 13
[17:54:57] pose 160 strip 13
[17:55:05] pose 161 strip 13
[17:55:12] pose 162 strip 13
[17:55:19] pose 163 strip 13
[17:55:26] pose 164 strip 13
[17:55:33] pose 165 strip 13
[17:55:40] pose 166 strip 13
[17:55:47] pose 167 strip 13
[17:56:08] pose 168 strip 14
[17:56:19] pose 169 strip 14
[17:56:31] pose 170 strip 14
[17:56:39] pose 171 strip 14
[17:56:47] pose 172 strip 14
[17:56:55] pose 173 strip 14
[17:57:02] pose 174 strip 14
[17:57:09] pose 175 strip 14
[17:57:16] pose 176 strip 14
[17:57:23] pose 177 strip 14
[17:57:30] pose 178 strip 14
[17:57:37] pose 179 strip 14
[17:57:57] pose 180 strip 15
[17:58:07] pose 181 strip 15
[17:58:20] pose 182 strip 15
[17:58:28] pose 183 strip 15
[17:58:35] pose 184 strip 15
[17:58:43] pose 185 strip 15
[17:58:50] pose 186 strip 15
[17:58:57] pose 187 strip 15
[17:59:04] pose 188 strip 15
[17:59:11] pose 189 strip 15
[17:59:18] pose 190 strip 15
[17:59:25] pose 191 strip 15
[17:59:44] pose 192 strip 16
[17:59:55] pose 193 strip 16
[18:00:07] pose 194 strip 16
[18:00:15] pose 195 strip 16
[18:00:22] pose 196 strip 16
[18:00:30] pose 197 strip 16
[18:00:38] pose 198 strip 16
[18:00:45] pose 199 strip 16
[18:00:52] pose 200 strip 16
[18:01:00] pose 201 strip 16
[18:01:07] pose 202 strip 16
[18:01:14] pose 203 strip 16
[18:01:33] pose 204 strip 17
[18:01:44] pose 205 strip 17
[18:01:55] pose 206 strip 17
[18:02:03] pose 207 strip 17
[18:02:11] pose 208 strip 17
[18:02:19] pose 209 strip 17
[18:02:27] pose 210 strip 17
[18:02:34] pose 211 strip 17
[18:02:41] pose 212 strip 17
[18:02:49] pose 213 strip 17
[18:02:56] pose 214 strip 17
[18:03:03] pose 215 strip 17
[18:03:22] pose 216 strip 18
[18:03:32] pose 217 strip 18
[18:03:43] pose 218 strip 18
[18:03:51] pose 219 strip 18
[18:03:59] pose 220 strip 18
[18:04:07] pose 221 strip 18
[18:04:15] pose 222 strip 18
[18:04:23] pose 223 strip 18
[18:04:30] pose 224 strip 18
[18:04:37] pose 225 strip 18
[18:04:45] pose 226 strip 18
[18:04:52] pose 227 strip 18
[18:05:10] pose 228 strip 19
[18:05:20] pose 229 strip 19
[18:05:31] pose 230 strip 19
[18:05:39] pose 231 strip 19
[18:05:47] pose 232 strip 19
[18:05:55] pose 233 strip 19
[18:06:03] pose 234 strip 19
[18:06:10] pose 235 strip 19
[18:06:17] pose 236 strip 19
[18:06:25] pose 237 strip 19
[18:06:32] pose 238 strip 19
[18:06:40] pose 239 strip 19
[18:06:57] pose 240 strip 20
[18:07:09] pose 241 strip 20
[18:07:18] pose 242 strip 20
[18:07:27] pose 243 strip 20
[18:07:35] pose 244 strip 20
[18:07:43] pose 245 strip 20
[18:07:50] pose 246 strip 20
[18:07:58] pose 247 strip 20
[18:08:05] pose 248 strip 20
[18:08:12] pose 249 strip 20
[18:08:19] pose 250 strip 20
[18:08:26] pose 251 strip 20
[18:08:44] pose 252 strip 21
[18:08:55] pose 253 strip 21
[18:09:04] pose 254 strip 21
[18:09:12] pose 255 strip 21
[18:09:20] pose 256 strip 21
[18:09:28] pose 257 strip 21
[18:09:36] pose 258 strip 21
[18:09:43] pose 259 strip 21
[18:09:50] pose 260 strip 21
[18:09:57] pose 261 strip 21
[18:10:04] pose 262 strip 21
[18:10:11] pose 263 strip 21
[18:10:29] pose 264 strip 22
[18:10:39] pose 265 strip 22
[18:10:48] pose 266 strip 22
[18:10:56] pose 267 strip 22
[18:11:04] pose 268 strip 22
[18:11:11] pose 269 strip 22
[18:11:19] pose 270 strip 22
[18:11:26] pose 271 strip 22
[18:11:33] pose 272 strip 22
[18:11:40] pose 273 strip 22
[18:11:47] pose 274 strip 22
[18:11:55] pose 275 strip 22
[18:12:12] pose 276 strip 23
[18:12:22] pose 277 strip 23
[18:12:30] pose 278 strip 23
[18:12:39] pose 279 strip 23
[18:12:46] pose 280 strip 23
[18:12:54] pose 281 strip 23
[18:13:01] pose 282 strip 23
[18:13:08] pose 283 strip 23
[18:13:15] pose 284 strip 23
[18:13:23] pose 285 strip 23
[18:13:29] pose 286 strip 23
[18:13:37] pose 287 strip 23
[18:25:01] PROGRAM_XXX_STARTEDmy_program
[18:25:02] pose 0 strip 0
[18:25:13] pose 1 strip 0
[18:25:21] pose 2 strip 0
[18:25:29] pose 3 strip 0
[18:25:37] pose 4 strip 0
[18:25:44] pose 5 strip 0
[18:25:51] pose 6 strip 0
[18:25:59] pose 7 strip 0
[18:26:06] pose 8 strip 0
[18:26:13] pose 9 strip 0
[18:26:20] pose 10 strip 0
[18:26:27] pose 11 strip 0
[18:26:42] pose 12 strip 1
[18:26:52] pose 13 strip 1
[18:27:01] pose 14 strip 1
[18:27:09] pose 15 strip 1
[18:27:17] pose 16 strip 1
[18:27:24] pose 17 strip 1
[18:27:31] pose 18 strip 1
[18:27:38] pose 19 strip 1
[18:27:45] pose 20 strip 1
[18:27:52] pose 21 strip 1
[18:27:59] pose 22 strip 1
[18:28:06] pose 23 strip 1
[18:28:21] pose 24 strip 2
[18:28:31] pose 25 strip 2
[18:28:41] pose 26 strip 2
[18:28:48] pose 27 strip 2
[18:28:56] pose 28 strip 2
[18:29:03] pose 29 strip 2
[18:29:10] pose 30 strip 2
[18:29:18] pose 31 strip 2
[18:29:24] pose 32 strip 2
[18:29:32] pose 33 strip 2
[18:29:39] pose 34 strip 2
[18:29:46] pose 35 strip 2
[18:30:01] pose 36 strip 3
[18:30:11] pose 37 strip 3
[18:30:21] pose 38 strip 3
[18:30:29] pose 39 strip 3
[18:30:37] pose 40 strip 3
[18:30:44] pose 41 strip 3
[18:30:52] pose 42 strip 3
[18:30:59] pose 43 strip 3
[18:31:06] pose 44 strip 3
[18:31:13] pose 45 strip 3
[18:31:20] pose 46 strip 3
[18:31:26] pose 47 strip 3
[18:31:42] pose 48 strip 4
[18:31:53] pose 49 strip 4
[18:32:03] pose 50 strip 4
[18:32:11] pose 51 strip 4
[18:32:18] pose 52 strip 4
[18:32:26] pose 53 strip 4
[18:32:33] pose 54 strip 4
[18:32:40] pose 55 strip 4
[18:32:47] pose 56 strip 4
[18:32:54] pose 57 strip 4
[18:33:01] pose 58 strip 4
[18:33:08] pose 59 strip 4
[18:33:23] pose 60 strip 5
[18:33:31] pose 61 strip 5
[18:33:39] pose 62 strip 5
[18:33:48] pose 63 strip 5
[18:33:55] pose 64 strip 5
[18:34:03] pose 65 strip 5
[18:34:10] pose 66 strip 5
[18:34:17] pose 67 strip 5
[18:34:24] pose 68 strip 5
[18:34:31] pose 69 strip 5
[18:34:38] pose 70 strip 5
[18:34:45] pose 71 strip 5
[18:35:00] pose 72 strip 6
[18:35:11] pose 73 strip 6
[18:35:22] pose 74 strip 6
[18:35:30] pose 75 strip 6
[18:35:37] pose 76 strip 6
[18:35:45] pose 77 strip 6
[18:35:52] pose 78 strip 6
[18:36:00] pose 79 strip 6
[18:36:06] pose 80 strip 6
[18:36:14] pose 81 strip 6
[18:36:21] pose 82 strip 6
[18:36:28] pose 83 strip 6
[18:36:43] pose 84 strip 7
[18:36:54] pose 85 strip 7
[18:37:05] pose 86 strip 7
[18:37:13] pose 87 strip 7
[18:37:21] pose 88 strip 7
[18:37:28] pose 89 strip 7
[18:37:35] pose 90 strip 7
[18:37:42] pose 91 strip 7
[18:37:49] pose 92 strip 7
[18:37:56] pose 93 strip 7
[18:38:03] pose 94 strip 7
[18:38:10] pose 95 strip 7
[18:38:25] pose 96 strip 8
[18:38:36] pose 97 strip 8
[18:38:47] pose 98 strip 8
[18:38:55] pose 99 strip 8
[18:39:03] pose 100 strip 8
[18:39:10] pose 101 strip 8
[18:39:17] pose 102 strip 8
[18:39:25] pose 103 strip 8
[18:39:32] pose 104 strip 8
[18:39:39] pose 105 strip 8
[18:39:45] pose 106 strip 8
[18:39:52] pose 107 strip 8
[18:40:08] pose 108 strip 9
[18:40:18] pose 109 strip 9
[18:40:30] pose 110 strip 9
[18:40:38] pose 111 strip 9
[18:40:45] pose 112 strip 9
[18:40:53] pose 113 strip 9
[18:41:00] pose 114 strip 9
[18:41:07] pose 115 strip 9
[18:41:14] pose 116 strip 9
[18:41:21] pose 117 strip 9
[18:41:28] pose 118 strip 9
[18:41:35] pose 119 strip 9
[18:41:50] pose 120 strip 10
[18:42:01] pose 121 strip 10
[18:42:13] pose 122 strip 10
[18:42:20] pose 123 strip 10
[18:42:28] pose 124 strip 10
[18:42:35] pose 125 strip 10
[18:42:43] pose 126 strip 10
[18:42:50] pose 127 strip 10
[18:42:57] pose 128 strip 10
[18:43:04] pose 129 strip 10
[18:43:11] pose 130 strip 10
[18:43:18] pose 131 strip 10
[18:43:33] pose 132 strip 11
[18:43:43] pose 133 strip 11
[18:43:50] pose 134 strip 11
[18:43:58] pose 135 strip 11
[18:44:06] pose 136 strip 11
[18:44:13] pose 137 strip 11
[18:44:20] pose 138 strip 11
[18:44:27] pose 139 strip 11
[18:44:34] pose 140 strip 11
[18:44:41] pose 141 strip 11
[18:44:48] pose 142 strip 11
[18:44:55] pose 143 strip 11
[18:45:10] pose 144 strip 12
[18:45:20] pose 145 strip 12
[18:45:28] pose 146 strip 12
[18:45:36] pose 147 strip 12
[18:45:43] pose 148 strip 12
[18:45:51] pose 149 strip 12
[18:45:58] pose 150 strip 12
[18:46:05] pose 151 strip 12
[18:46:12] pose 152 strip 12
[18:46:19] pose 153 strip 12
[18:46:26] pose 154 strip 12
[18:46:33] pose 155 strip 12
[18:46:48] pose 156 strip 13
[18:46:58] pose 157 strip 13
[18:47:11] pose 158 strip 13
[18:47:19] pose 159 strip 13
[18:47:27] pose 160 strip 13
[18:47:34] pose 161 strip 13
[18:47:41] pose 162 strip 13
[18:47:49] pose 163 strip 13
[18:47:56] pose 164 strip 13
[18:48:03] pose 165 strip 13
[18:48:10] pose 166 strip 13
[18:48:17] pose 167 strip 13
[18:48:38] pose 168 strip 14
[18:48:48] pose 169 strip 14
[18:49:01] pose 170 strip 14
[18:49:08] pose 171 strip 14
[18:49:16] pose 172 strip 14
[18:49:24] pose 173 strip 14
[18:49:31] pose 174 strip 14
[18:49:38] pose 175 strip 14
[18:49:45] pose 176 strip 14
[18:49:52] pose 177 strip 14
[18:49:59] pose 178 strip 14
[18:50:06] pose 179 strip 14
[18:50:26] pose 180 strip 15
[18:50:37] pose 181 strip 15
[18:50:49] pose 182 strip 15
[18:50:57] pose 183 strip 15
[18:51:04] pose 184 strip 15
[18:51:12] pose 185 strip 15
[18:51:19] pose 186 strip 15
[18:51:26] pose 187 strip 15
[18:51:33] pose 188 strip 15
[18:51:40] pose 189 strip 15
[18:51:48] pose 190 strip 15
[18:51:54] pose 191 strip 15
[18:52:14] pose 192 strip 16
[18:52:25] pose 193 strip 16
[18:52:36] pose 194 strip 16
[18:52:45] pose 195 strip 16
[18:52:52] pose 196 strip 16
[18:53:00] pose 197 strip 16
[18:53:07] pose 198 strip 16
[18:53:14] pose 199 strip 16
[18:53:22] pose 200 strip 16
[18:53:29] pose 201 strip 16
[18:53:36] pose 202 strip 16
[18:53:44] pose 203 strip 16
[18:54:02] pose 204 strip 17
[18:54:13] pose 205 strip 17
[18:54:24] pose 206 strip 17
[18:54:33] pose 207 strip 17
[18:54:41] pose 208 strip 17
[18:54:48] pose 209 strip 17
[18:54:56] pose 210 strip 17
[18:55:03] pose 211 strip 17
[18:55:11] pose 212 strip 17
[18:55:18] pose 213 strip 17
[18:55:26] pose 214 strip 17
[18:55:33] pose 215 strip 17
[18:55:51] pose 216 strip 18
[18:56:02] pose 217 strip 18
[18:56:13] pose 218 strip 18
[18:56:21] pose 219 strip 18
[18:56:29] pose 220 strip 18
[18:56:37] pose 221 strip 18
[18:56:44] pose 222 strip 18
[18:56:52] pose 223 strip 18
[18:56:59] pose 224 strip 18
[18:57:07] pose 225 strip 18
[18:57:14] pose 226 strip 18
[18:57:22] pose 227 strip 18
[18:57:39] pose 228 strip 19
[18:57:50] pose 229 strip 19
[18:58:00] pose 230 strip 19
